[2026-03-31 17:44:59,248] flops: 0.051128814, params: 0.027384, Total params: : 0.0274
[2026-03-31 17:45:44,691] Epoch: 1, Dataset: test, Dice: 0.2521, IoU: 0.1568
[2026-03-31 17:45:45,230] Epoch: 1, Dataset: val, Dice: 0.3241, IoU: 0.2197
[2026-03-31 17:45:45,230] ### Best Model Saved (Dice improved from 0.0000 to 0.3241) ###
[2026-03-31 17:46:30,830] Epoch: 2, Dataset: test, Dice: 0.4195, IoU: 0.2882
[2026-03-31 17:46:31,380] Epoch: 2, Dataset: val, Dice: 0.4553, IoU: 0.3296
[2026-03-31 17:46:31,380] ### Best Model Saved (Dice improved from 0.3241 to 0.4553) ###
[2026-03-31 17:47:16,947] Epoch: 3, Dataset: test, Dice: 0.3693, IoU: 0.2486
[2026-03-31 17:47:17,493] Epoch: 3, Dataset: val, Dice: 0.4253, IoU: 0.2988
[2026-03-31 17:48:03,087] Epoch: 4, Dataset: test, Dice: 0.4427, IoU: 0.3106
[2026-03-31 17:48:03,691] Epoch: 4, Dataset: val, Dice: 0.4880, IoU: 0.3577
[2026-03-31 17:48:03,691] ### Best Model Saved (Dice improved from 0.4553 to 0.4880) ###
[2026-03-31 17:48:49,206] Epoch: 5, Dataset: test, Dice: 0.5142, IoU: 0.3781
[2026-03-31 17:48:49,761] Epoch: 5, Dataset: val, Dice: 0.5400, IoU: 0.4068
[2026-03-31 17:48:49,761] ### Best Model Saved (Dice improved from 0.4880 to 0.5400) ###
[2026-03-31 17:48:49,818] 
========================================
FINAL RESULTS: ClinicDB_MK_UNet_T_bs2_lr0.0005_e5_augTrue_run4_t174459
Best Val Dice: 0.5400
Test Dice at Best Val: 0.5142
Total Train Time: 224.37s
========================================
